mode: set
github.com/aminjonshermatov/wallet/pkg/wallet/service.go:46.94,48.16 2 1
github.com/aminjonshermatov/wallet/pkg/wallet/service.go:52.2,53.16 2 1
github.com/aminjonshermatov/wallet/pkg/wallet/service.go:57.2,58.40 2 1
github.com/aminjonshermatov/wallet/pkg/wallet/service.go:65.2,65.31 1 1
github.com/aminjonshermatov/wallet/pkg/wallet/service.go:48.16,50.3 1 0
github.com/aminjonshermatov/wallet/pkg/wallet/service.go:53.16,55.3 1 0
github.com/aminjonshermatov/wallet/pkg/wallet/service.go:58.40,60.17 2 1
github.com/aminjonshermatov/wallet/pkg/wallet/service.go:60.17,62.4 1 0
github.com/aminjonshermatov/wallet/pkg/wallet/service.go:68.36,70.2 1 1
github.com/aminjonshermatov/wallet/pkg/wallet/service.go:72.109,74.16 2 0
github.com/aminjonshermatov/wallet/pkg/wallet/service.go:78.2,79.16 2 0
github.com/aminjonshermatov/wallet/pkg/wallet/service.go:83.2,83.21 1 0
github.com/aminjonshermatov/wallet/pkg/wallet/service.go:74.16,76.3 1 0
github.com/aminjonshermatov/wallet/pkg/wallet/service.go:79.16,81.3 1 0
github.com/aminjonshermatov/wallet/pkg/wallet/service.go:86.78,87.37 1 1
github.com/aminjonshermatov/wallet/pkg/wallet/service.go:93.2,101.21 4 1
github.com/aminjonshermatov/wallet/pkg/wallet/service.go:87.37,88.29 1 0
github.com/aminjonshermatov/wallet/pkg/wallet/service.go:88.29,90.4 1 0
github.com/aminjonshermatov/wallet/pkg/wallet/service.go:104.70,105.17 1 1
github.com/aminjonshermatov/wallet/pkg/wallet/service.go:109.2,111.33 2 1
github.com/aminjonshermatov/wallet/pkg/wallet/service.go:117.2,117.20 1 1
github.com/aminjonshermatov/wallet/pkg/wallet/service.go:121.2,122.12 2 1
github.com/aminjonshermatov/wallet/pkg/wallet/service.go:105.17,107.3 1 0
github.com/aminjonshermatov/wallet/pkg/wallet/service.go:111.33,112.26 1 1
github.com/aminjonshermatov/wallet/pkg/wallet/service.go:112.26,114.4 1 1
github.com/aminjonshermatov/wallet/pkg/wallet/service.go:117.20,119.3 1 0
github.com/aminjonshermatov/wallet/pkg/wallet/service.go:125.116,126.17 1 1
github.com/aminjonshermatov/wallet/pkg/wallet/service.go:130.2,132.33 2 1
github.com/aminjonshermatov/wallet/pkg/wallet/service.go:139.2,139.20 1 1
github.com/aminjonshermatov/wallet/pkg/wallet/service.go:143.2,143.30 1 1
github.com/aminjonshermatov/wallet/pkg/wallet/service.go:147.2,161.21 5 1
github.com/aminjonshermatov/wallet/pkg/wallet/service.go:126.17,128.3 1 0
github.com/aminjonshermatov/wallet/pkg/wallet/service.go:132.33,133.26 1 1
github.com/aminjonshermatov/wallet/pkg/wallet/service.go:133.26,135.9 2 1
github.com/aminjonshermatov/wallet/pkg/wallet/service.go:139.20,141.3 1 0
github.com/aminjonshermatov/wallet/pkg/wallet/service.go:143.30,145.3 1 0
github.com/aminjonshermatov/wallet/pkg/wallet/service.go:164.76,167.33 2 1
github.com/aminjonshermatov/wallet/pkg/wallet/service.go:174.2,174.20 1 1
github.com/aminjonshermatov/wallet/pkg/wallet/service.go:178.2,178.21 1 1
github.com/aminjonshermatov/wallet/pkg/wallet/service.go:167.33,168.26 1 1
github.com/aminjonshermatov/wallet/pkg/wallet/service.go:168.26,170.9 2 1
github.com/aminjonshermatov/wallet/pkg/wallet/service.go:174.20,176.3 1 1
github.com/aminjonshermatov/wallet/pkg/wallet/service.go:181.77,182.37 1 1
github.com/aminjonshermatov/wallet/pkg/wallet/service.go:188.2,188.32 1 1
github.com/aminjonshermatov/wallet/pkg/wallet/service.go:182.37,183.30 1 1
github.com/aminjonshermatov/wallet/pkg/wallet/service.go:183.30,185.4 1 1
github.com/aminjonshermatov/wallet/pkg/wallet/service.go:191.50,193.16 2 1
github.com/aminjonshermatov/wallet/pkg/wallet/service.go:197.2,198.16 2 1
github.com/aminjonshermatov/wallet/pkg/wallet/service.go:202.2,205.12 4 1
github.com/aminjonshermatov/wallet/pkg/wallet/service.go:193.16,195.3 1 1
github.com/aminjonshermatov/wallet/pkg/wallet/service.go:198.16,200.3 1 0
