mode: set
github.com/aminjonshermatov/wallet/pkg/wallet/service.go:46.36,48.2 1 1
github.com/aminjonshermatov/wallet/pkg/wallet/service.go:50.94,52.16 2 1
github.com/aminjonshermatov/wallet/pkg/wallet/service.go:56.2,57.16 2 1
github.com/aminjonshermatov/wallet/pkg/wallet/service.go:61.2,62.40 2 1
github.com/aminjonshermatov/wallet/pkg/wallet/service.go:69.2,69.31 1 1
github.com/aminjonshermatov/wallet/pkg/wallet/service.go:52.16,54.3 1 0
github.com/aminjonshermatov/wallet/pkg/wallet/service.go:57.16,59.3 1 0
github.com/aminjonshermatov/wallet/pkg/wallet/service.go:62.40,64.17 2 1
github.com/aminjonshermatov/wallet/pkg/wallet/service.go:64.17,66.4 1 0
github.com/aminjonshermatov/wallet/pkg/wallet/service.go:72.78,73.37 1 1
github.com/aminjonshermatov/wallet/pkg/wallet/service.go:79.2,87.21 4 1
github.com/aminjonshermatov/wallet/pkg/wallet/service.go:73.37,74.29 1 0
github.com/aminjonshermatov/wallet/pkg/wallet/service.go:74.29,76.4 1 0
github.com/aminjonshermatov/wallet/pkg/wallet/service.go:90.70,91.17 1 1
github.com/aminjonshermatov/wallet/pkg/wallet/service.go:95.2,96.16 2 1
github.com/aminjonshermatov/wallet/pkg/wallet/service.go:100.2,101.12 2 1
github.com/aminjonshermatov/wallet/pkg/wallet/service.go:91.17,93.3 1 0
github.com/aminjonshermatov/wallet/pkg/wallet/service.go:96.16,98.3 1 0
github.com/aminjonshermatov/wallet/pkg/wallet/service.go:104.116,105.17 1 1
github.com/aminjonshermatov/wallet/pkg/wallet/service.go:109.2,110.16 2 1
github.com/aminjonshermatov/wallet/pkg/wallet/service.go:114.2,114.30 1 1
github.com/aminjonshermatov/wallet/pkg/wallet/service.go:118.2,132.21 5 1
github.com/aminjonshermatov/wallet/pkg/wallet/service.go:105.17,107.3 1 0
github.com/aminjonshermatov/wallet/pkg/wallet/service.go:110.16,112.3 1 0
github.com/aminjonshermatov/wallet/pkg/wallet/service.go:114.30,116.3 1 0
github.com/aminjonshermatov/wallet/pkg/wallet/service.go:135.76,138.33 2 1
github.com/aminjonshermatov/wallet/pkg/wallet/service.go:145.2,145.20 1 1
github.com/aminjonshermatov/wallet/pkg/wallet/service.go:149.2,149.21 1 1
github.com/aminjonshermatov/wallet/pkg/wallet/service.go:138.33,139.26 1 1
github.com/aminjonshermatov/wallet/pkg/wallet/service.go:139.26,141.9 2 1
github.com/aminjonshermatov/wallet/pkg/wallet/service.go:145.20,147.3 1 1
github.com/aminjonshermatov/wallet/pkg/wallet/service.go:152.77,153.37 1 1
github.com/aminjonshermatov/wallet/pkg/wallet/service.go:159.2,159.32 1 1
github.com/aminjonshermatov/wallet/pkg/wallet/service.go:153.37,154.30 1 1
github.com/aminjonshermatov/wallet/pkg/wallet/service.go:154.30,156.4 1 1
github.com/aminjonshermatov/wallet/pkg/wallet/service.go:162.50,164.16 2 1
github.com/aminjonshermatov/wallet/pkg/wallet/service.go:168.2,169.16 2 1
github.com/aminjonshermatov/wallet/pkg/wallet/service.go:173.2,176.12 4 1
github.com/aminjonshermatov/wallet/pkg/wallet/service.go:164.16,166.3 1 1
github.com/aminjonshermatov/wallet/pkg/wallet/service.go:169.16,171.3 1 0
github.com/aminjonshermatov/wallet/pkg/wallet/service.go:179.68,181.16 2 1
github.com/aminjonshermatov/wallet/pkg/wallet/service.go:185.2,186.16 2 1
github.com/aminjonshermatov/wallet/pkg/wallet/service.go:190.2,190.24 1 1
github.com/aminjonshermatov/wallet/pkg/wallet/service.go:181.16,183.3 1 0
github.com/aminjonshermatov/wallet/pkg/wallet/service.go:186.16,188.3 1 0
